<?xml version="1.0" encoding="UTF-8"?>
<!-- Generated by org.testng.reporters.JUnitXMLReporter -->
<testsuite hostname="RamaKrishna-PC" ignored="0" name="Test" tests="6" failures="0" timestamp="06 Sep 2019 11:03:05 GMT" time="0.046" errors="0">
  <testcase name="LoginFirstTest" time="0.01" classname="MyMaven.MavenProject.SecondTest"/>
  <testcase name="LogoutFirstTest" time="0.001" classname="MyMaven.MavenProject.SecondTest"/>
  <testcase name="LoginThirdTest" time="0.0" classname="MyMaven.MavenProject.FirstTest"/>
  <testcase name="LogoutThirdTest" time="0.0" classname="MyMaven.MavenProject.FirstTest"/>
  <testcase name="LoginFirstTest" time="0.0" classname="MyMaven.MavenProject.ThirdTest"/>
  <testcase name="LogoutFirstTest" time="0.0" classname="MyMaven.MavenProject.ThirdTest"/>
</testsuite> <!-- Test -->
